[2026-03-03 14:29:37] ERREUR : SQLSTATE[23000]: Integrity constraint violation: 1062 Duplicate entry 'BIO' for key 'unique_code_fil' | details={"action":"insert_filiere"}
[2026-03-03 14:29:37] ERREUR : Transaction failed: SQLSTATE[23000]: Integrity constraint violation: 1062 Duplicate entry 'BIO' for key 'unique_code_fil' | details={"method":"App\\Service\\EtudiantService::createFiliereThenStudentTransaction"}
[2026-03-03 14:54:27] ERREUR : SQLSTATE[23000]: Integrity constraint violation: 1062 Duplicate entry 'GEA' for key 'unique_code_fil' | details={"action":"insert_filiere"}
[2026-03-03 14:54:52] ERREUR : SQLSTATE[23000]: Integrity constraint violation: 1062 Duplicate entry 'GEA' for key 'unique_code_fil' | details={"action":"insert_filiere"}
[2026-03-03 14:54:57] ERREUR : SQLSTATE[23000]: Integrity constraint violation: 1062 Duplicate entry 'GEA' for key 'unique_code_fil' | details={"action":"insert_filiere"}
[2026-03-03 14:55:37] ERREUR : SQLSTATE[23000]: Integrity constraint violation: 1062 Duplicate entry 'GEA' for key 'unique_code_fil' | details={"action":"insert_filiere"}
[2026-03-03 14:56:13] ERREUR : SQLSTATE[23000]: Integrity constraint violation: 1062 Duplicate entry 'GEA' for key 'unique_code_fil' | details={"action":"insert_filiere"}
[2026-03-03 14:57:09] ERREUR : SQLSTATE[23000]: Integrity constraint violation: 1062 Duplicate entry 'GEA' for key 'unique_code_fil' | details={"action":"insert_filiere"}
[2026-03-03 14:58:00] ERREUR : SQLSTATE[23000]: Integrity constraint violation: 1062 Duplicate entry 'GEA' for key 'unique_code_fil' | details={"action":"insert_filiere"}
[2026-03-03 14:58:28] ERREUR : SQLSTATE[23000]: Integrity constraint violation: 1062 Duplicate entry 'GEA' for key 'unique_code_fil' | details={"action":"insert_filiere"}
[2026-03-03 14:58:29] ERREUR : SQLSTATE[23000]: Integrity constraint violation: 1062 Duplicate entry 'GEA' for key 'unique_code_fil' | details={"action":"insert_filiere"}
[2026-03-03 14:58:29] ERREUR : SQLSTATE[23000]: Integrity constraint violation: 1062 Duplicate entry 'GEA' for key 'unique_code_fil' | details={"action":"insert_filiere"}
[2026-03-03 14:58:29] ERREUR : SQLSTATE[23000]: Integrity constraint violation: 1062 Duplicate entry 'GEA' for key 'unique_code_fil' | details={"action":"insert_filiere"}
[2026-03-03 14:58:34] ERREUR : SQLSTATE[23000]: Integrity constraint violation: 1062 Duplicate entry 'MATH' for key 'unique_code_fil' | details={"action":"insert_filiere"}
[2026-03-03 15:00:10] ERREUR : SQLSTATE[23000]: Integrity constraint violation: 1062 Duplicate entry 'MATH' for key 'unique_code_fil' | details={"action":"insert_filiere"}
[2026-03-03 15:00:10] ERREUR : Transaction failed: SQLSTATE[23000]: Integrity constraint violation: 1062 Duplicate entry 'MATH' for key 'unique_code_fil' | details={"method":"App\\Service\\EtudiantService::createFiliereThenStudentTransaction"}
[2026-03-03 15:02:01] ERREUR : SQLSTATE[23000]: Integrity constraint violation: 1062 Duplicate entry 'MATH' for key 'unique_code_fil' | details={"action":"insert_filiere"}
[2026-03-03 15:02:01] ERREUR : Transaction failed: SQLSTATE[23000]: Integrity constraint violation: 1062 Duplicate entry 'MATH' for key 'unique_code_fil' | details={"method":"App\\Service\\EtudiantService::createFiliereThenStudentTransaction"}
[2026-03-03 15:04:46] ERREUR : SQLSTATE[23000]: Integrity constraint violation: 1062 Duplicate entry 'CNE8888' for key 'unique_cne_etu' | details={"email":"test.math@example.com"}
[2026-03-03 15:04:46] ERREUR : Transaction failed: SQLSTATE[23000]: Integrity constraint violation: 1062 Duplicate entry 'CNE8888' for key 'unique_cne_etu' | details={"method":"App\\Service\\EtudiantService::createFiliereThenStudentTransaction"}
[2026-03-03 15:05:40] ERREUR : SQLSTATE[23000]: Integrity constraint violation: 1062 Duplicate entry 'CNE8888' for key 'unique_cne_etu' | details={"email":"test.math@example.com"}
[2026-03-03 15:05:40] ERREUR : Transaction failed: SQLSTATE[23000]: Integrity constraint violation: 1062 Duplicate entry 'CNE8888' for key 'unique_cne_etu' | details={"method":"App\\Service\\EtudiantService::createFiliereThenStudentTransaction"}
[2026-03-03 15:06:44] ERREUR : SQLSTATE[23000]: Integrity constraint violation: 1062 Duplicate entry 'CNE7777' for key 'unique_cne_etu' | details={"email":"test.math@example.com"}
[2026-03-03 15:06:44] ERREUR : Transaction failed: SQLSTATE[23000]: Integrity constraint violation: 1062 Duplicate entry 'CNE7777' for key 'unique_cne_etu' | details={"method":"App\\Service\\EtudiantService::createFiliereThenStudentTransaction"}
[2026-03-03 15:12:36] ERREUR : SQLSTATE[23000]: Integrity constraint violation: 1062 Duplicate entry 'INFO_DEV' for key 'unique_code_fil' | details={"action":"insert_filiere"}
[2026-03-03 15:12:36] ERREUR : Transaction failed: SQLSTATE[23000]: Integrity constraint violation: 1062 Duplicate entry 'INFO_DEV' for key 'unique_code_fil' | details={"method":"App\\Service\\EtudiantService::createFiliereThenStudentTransaction"}
[2026-03-03 15:12:44] ERREUR : SQLSTATE[23000]: Integrity constraint violation: 1062 Duplicate entry 'INFO_DEV' for key 'unique_code_fil' | details={"action":"insert_filiere"}
[2026-03-03 15:12:44] ERREUR : Transaction failed: SQLSTATE[23000]: Integrity constraint violation: 1062 Duplicate entry 'INFO_DEV' for key 'unique_code_fil' | details={"method":"App\\Service\\EtudiantService::createFiliereThenStudentTransaction"}
[2026-03-03 15:18:45] ERREUR : SQLSTATE[23000]: Integrity constraint violation: 1062 Duplicate entry 'DEV_2026' for key 'unique_code_fil' | details={"action":"insert_filiere"}
[2026-03-03 15:18:45] ERREUR : Transaction failed: SQLSTATE[23000]: Integrity constraint violation: 1062 Duplicate entry 'DEV_2026' for key 'unique_code_fil' | details={"method":"App\\Service\\EtudiantService::createFiliereThenStudentTransaction"}
[2026-03-03 15:20:00] ERREUR : SQLSTATE[23000]: Integrity constraint violation: 1062 Duplicate entry 'DEV_2026' for key 'unique_code_fil' | details={"action":"insert_filiere"}
[2026-03-03 15:20:00] ERREUR : Transaction failed: SQLSTATE[23000]: Integrity constraint violation: 1062 Duplicate entry 'DEV_2026' for key 'unique_code_fil' | details={"method":"App\\Service\\EtudiantService::createFiliereThenStudentTransaction"}
[2026-03-03 15:21:18] ERREUR : SQLSTATE[23000]: Integrity constraint violation: 1062 Duplicate entry 'DEV_2026' for key 'unique_code_fil' | details={"action":"insert_filiere"}
[2026-03-03 15:21:18] ERREUR : Transaction failed: SQLSTATE[23000]: Integrity constraint violation: 1062 Duplicate entry 'DEV_2026' for key 'unique_code_fil' | details={"method":"App\\Service\\EtudiantService::createFiliereThenStudentTransaction"}
[2026-03-03 15:25:21] ERREUR : SQLSTATE[23000]: Integrity constraint violation: 1062 Duplicate entry 'WEB_303' for key 'unique_code_fil' | details={"action":"insert_filiere"}
[2026-03-03 15:25:21] ERREUR : Transaction failed: SQLSTATE[23000]: Integrity constraint violation: 1062 Duplicate entry 'WEB_303' for key 'unique_code_fil' | details={"method":"App\\Service\\EtudiantService::createFiliereThenStudentTransaction"}
[2026-03-03 15:26:04] ERREUR : SQLSTATE[23000]: Integrity constraint violation: 1062 Duplicate entry 'WEB_303' for key 'unique_code_fil' | details={"action":"insert_filiere"}
[2026-03-03 15:26:04] ERREUR : Transaction failed: SQLSTATE[23000]: Integrity constraint violation: 1062 Duplicate entry 'WEB_303' for key 'unique_code_fil' | details={"method":"App\\Service\\EtudiantService::createFiliereThenStudentTransaction"}
[2026-03-03 15:27:13] ERREUR : SQLSTATE[23000]: Integrity constraint violation: 1062 Duplicate entry 'CNE1122' for key 'unique_cne_etu' | details={"email":"anas.web@test.ma"}
[2026-03-03 15:27:13] ERREUR : Transaction failed: SQLSTATE[23000]: Integrity constraint violation: 1062 Duplicate entry 'CNE1122' for key 'unique_cne_etu' | details={"method":"App\\Service\\EtudiantService::createFiliereThenStudentTransaction"}
[2026-03-03 15:29:42] ERREUR : SQLSTATE[23000]: Integrity constraint violation: 1062 Duplicate entry 'WEB_303' for key 'unique_code_fil' | details={"action":"insert_filiere"}
[2026-03-03 15:29:42] ERREUR : Transaction failed: SQLSTATE[23000]: Integrity constraint violation: 1062 Duplicate entry 'WEB_303' for key 'unique_code_fil' | details={"method":"App\\Service\\EtudiantService::createFiliereThenStudentTransaction"}
[2026-03-03 15:30:04] ERREUR : SQLSTATE[23000]: Integrity constraint violation: 1062 Duplicate entry 'DEV_2026' for key 'unique_code_fil' | details={"action":"insert_filiere"}
[2026-03-03 15:30:04] ERREUR : Transaction failed: SQLSTATE[23000]: Integrity constraint violation: 1062 Duplicate entry 'DEV_2026' for key 'unique_code_fil' | details={"method":"App\\Service\\EtudiantService::createFiliereThenStudentTransaction"}
[2026-03-03 15:31:52] ERREUR : SQLSTATE[23000]: Integrity constraint violation: 1062 Duplicate entry 'sara.new@test.ma' for key 'unique_email_etu' | details={"email":"sara.new@test.ma"}
[2026-03-03 15:31:52] ERREUR : Transaction failed: SQLSTATE[23000]: Integrity constraint violation: 1062 Duplicate entry 'sara.new@test.ma' for key 'unique_email_etu' | details={"method":"App\\Service\\EtudiantService::createFiliereThenStudentTransaction"}
[2026-03-03 15:37:54] ERREUR : SQLSTATE[23000]: Integrity constraint violation: 1062 Duplicate entry 'DEC_2026' for key 'unique_code_fil' | details={"action":"insert_filiere"}
[2026-03-03 15:37:54] ERREUR : Transaction failed: SQLSTATE[23000]: Integrity constraint violation: 1062 Duplicate entry 'DEC_2026' for key 'unique_code_fil' | details={"method":"App\\Service\\EtudiantService::createFiliereThenStudentTransaction"}
[2026-03-03 15:39:00] ERREUR : SQLSTATE[23000]: Integrity constraint violation: 1062 Duplicate entry 'DEC_2026' for key 'unique_code_fil' | details={"action":"insert_filiere"}
[2026-03-03 15:39:00] ERREUR : Transaction failed: SQLSTATE[23000]: Integrity constraint violation: 1062 Duplicate entry 'DEC_2026' for key 'unique_code_fil' | details={"method":"App\\Service\\EtudiantService::createFiliereThenStudentTransaction"}
